{"failedCount":1,"prefixedPath":"src\/test\/java\/tests\/GET.feature","packageQualifiedName":"src.test.java.tests.GET","loopIndex":-1,"relativePath":"src\/test\/java\/tests\/GET.feature","scenarioResults":[{"sectionIndex":0,"stepResults":[{"result":{"nanos":50423600,"millis":50.4236,"status":"passed"},"step":{"comments":["#    * def baseUrl = 'http:\/\/localhost:3000'"],"background":true,"line":5,"prefix":"*","index":0,"text":"url 'http:\/\/localhost:3000'"}},{"result":{"nanos":14764400,"errorMessage":">>>> js failed:\n01: ['\/users\/]\n<<<<\norg.graalvm.polyglot.PolyglotException: SyntaxError: Unnamed:1:10 Missing close quote\r\n['\/users\/]\r\n          ^\n\n- org.graalvm.polyglot.Context.eval(Context.java:373)\n- com.intuit.karate.graal.JsEngine.evalForValue(JsEngine.java:124)\n- com.intuit.karate.graal.JsEngine.eval(JsEngine.java:120)\n- com.intuit.karate.core.ScenarioEngine.evalJs(ScenarioEngine.java:1246)\n- com.intuit.karate.core.ScenarioEngine.path(ScenarioEngine.java:365)\n- com.intuit.karate.ScenarioActions.path(ScenarioActions.java:82)\n- java.base\/jdk.internal.reflect.NativeMethodAccessorImpl.invoke0(Native Method)\n\nsrc\/test\/java\/tests\/GET.feature:21","millis":14.7644,"status":"failed"},"step":{"line":21,"prefix":"Given","index":0,"text":"path '\/users\/"},"stepLog":"09:43:02.413 src\/test\/java\/tests\/GET.feature:21\nGiven path '\/users\/\n>>>> js failed:\n01: ['\/users\/]\n<<<<\norg.graalvm.polyglot.PolyglotException: SyntaxError: Unnamed:1:10 Missing close quote\r\n['\/users\/]\r\n          ^\n\n- org.graalvm.polyglot.Context.eval(Context.java:373)\n- com.intuit.karate.graal.JsEngine.evalForValue(JsEngine.java:124)\n- com.intuit.karate.graal.JsEngine.eval(JsEngine.java:120)\n- com.intuit.karate.core.ScenarioEngine.evalJs(ScenarioEngine.java:1246)\n- com.intuit.karate.core.ScenarioEngine.path(ScenarioEngine.java:365)\n- com.intuit.karate.ScenarioActions.path(ScenarioActions.java:82)\n- java.base\/jdk.internal.reflect.NativeMethodAccessorImpl.invoke0(Native Method)\n\nsrc\/test\/java\/tests\/GET.feature:21\n"},{"result":{"nanos":0,"millis":0.0,"status":"skipped"},"step":{"line":22,"prefix":"When","index":1,"text":"method GET"}},{"result":{"nanos":0,"millis":0.0,"status":"skipped"},"step":{"line":23,"prefix":"Then","index":2,"text":"status 200"}},{"result":{"nanos":0,"millis":0.0,"status":"skipped"},"step":{"line":24,"prefix":"And","index":3,"text":"print response"}}],"line":20,"description":"","durationMillis":65.188,"failed":true,"error":">>>> js failed:\n01: ['\/users\/]\n<<<<\norg.graalvm.polyglot.PolyglotException: SyntaxError: Unnamed:1:10 Missing close quote\r\n['\/users\/]\r\n          ^\n\n- org.graalvm.polyglot.Context.eval(Context.java:373)\n- com.intuit.karate.graal.JsEngine.evalForValue(JsEngine.java:124)\n- com.intuit.karate.graal.JsEngine.eval(JsEngine.java:120)\n- com.intuit.karate.core.ScenarioEngine.evalJs(ScenarioEngine.java:1246)\n- com.intuit.karate.core.ScenarioEngine.path(ScenarioEngine.java:365)\n- com.intuit.karate.ScenarioActions.path(ScenarioActions.java:82)\n- java.base\/jdk.internal.reflect.NativeMethodAccessorImpl.invoke0(Native Method)\n\nsrc\/test\/java\/tests\/GET.feature:21","executorName":"main","name":"Get all the users","startTime":1686670982339,"refId":"[1:20]","endTime":1686670982413,"exampleIndex":-1}],"callDepth":0,"name":"Get Users from the db.json","description":"","resultDate":"2023-06-13 09:43:02 AM","durationMillis":65.188,"passedCount":0}